2022-01-23 22:14:50.481 [main] ERROR log4jProject.componentOne - Hello
2022-01-23 22:14:50.485 [main] INFO  log4jProject.componentOne - Hello
2022-01-23 22:14:50.485 [main] DEBUG log4jProject.componentOne - Hello
2022-01-23 22:14:50.485 [main] WARN  log4jProject.componentOne - Hello
2022-01-23 22:14:50.485 [main] FATAL log4jProject.componentOne - Hello
2022-01-23 22:17:03.189 [main] ERROR log4jProject.componentOne - Hello
2022-01-23 22:17:03.194 [main] INFO  log4jProject.componentOne - Hello
2022-01-23 22:17:03.194 [main] DEBUG log4jProject.componentOne - Hello
2022-01-23 22:17:03.195 [main] WARN  log4jProject.componentOne - Hello
2022-01-23 22:17:03.195 [main] FATAL log4jProject.componentOne - Hello
2022-01-23 22:18:24.621 [main] ERROR log4jProject.componentOne - Hello
2022-01-23 22:18:24.625 [main] INFO  log4jProject.componentOne - Hello
2022-01-23 22:18:24.626 [main] DEBUG log4jProject.componentOne - Hello
2022-01-23 22:18:24.626 [main] WARN  log4jProject.componentOne - Hello
2022-01-23 22:18:24.626 [main] FATAL log4jProject.componentOne - Hello
2022-01-23 22:18:47.720 [main] ERROR log4jProject.componentOne - Hello
2022-01-23 22:18:47.727 [main] INFO  log4jProject.componentOne - Hello
2022-01-23 22:18:47.727 [main] DEBUG log4jProject.componentOne - Hello
2022-01-23 22:18:47.727 [main] WARN  log4jProject.componentOne - Hello
2022-01-23 22:18:47.728 [main] FATAL log4jProject.componentOne - Hello
2022-01-23 22:19:16.860 [main] ERROR log4jProject.componentOne - Hello
2022-01-23 22:19:16.868 [main] INFO  log4jProject.componentOne - Hello
2022-01-23 22:19:16.868 [main] DEBUG log4jProject.componentOne - Hello
2022-01-23 22:19:16.869 [main] WARN  log4jProject.componentOne - Hello
2022-01-23 22:19:16.869 [main] FATAL log4jProject.componentOne - Hello
2022-01-23 22:20:59.883 [main] ERROR log4jProject.componentOne - Hello
2022-01-23 22:20:59.889 [main] INFO  log4jProject.componentOne - Hello
2022-01-23 22:20:59.889 [main] DEBUG log4jProject.componentOne - Hello
2022-01-23 22:20:59.890 [main] WARN  log4jProject.componentOne - Hello
2022-01-23 22:20:59.890 [main] FATAL log4jProject.componentOne - Hello
2022-01-23 22:23:07.076 [main] ERROR log4jProject.componentOne - Hello
2022-01-23 22:23:07.080 [main] INFO  log4jProject.componentOne - Hello
2022-01-23 22:23:07.080 [main] DEBUG log4jProject.componentOne - Hello
2022-01-23 22:23:07.080 [main] WARN  log4jProject.componentOne - Hello
2022-01-23 22:23:07.080 [main] FATAL log4jProject.componentOne - Hello
2022-01-23 22:23:27.735 [main] ERROR log4jProject.componentOne - Hello
2022-01-23 22:23:27.740 [main] INFO  log4jProject.componentOne - Hello
2022-01-23 22:23:27.740 [main] DEBUG log4jProject.componentOne - Hello
2022-01-23 22:23:27.740 [main] WARN  log4jProject.componentOne - Hello
2022-01-23 22:23:27.741 [main] FATAL log4jProject.componentOne - Hello
2022-01-23 22:23:46.447 [main] ERROR log4jProject.componentOne - Hello
2022-01-23 22:23:46.450 [main] INFO  log4jProject.componentOne - Hello
2022-01-23 22:23:46.450 [main] DEBUG log4jProject.componentOne - Hello
2022-01-23 22:23:46.451 [main] WARN  log4jProject.componentOne - Hello
2022-01-23 22:23:46.451 [main] FATAL log4jProject.componentOne - Hello
2022-01-23 22:23:59.587 [main] ERROR log4jProject.componentOne - Hello
2022-01-23 22:23:59.590 [main] INFO  log4jProject.componentOne - Hello
2022-01-23 22:23:59.591 [main] DEBUG log4jProject.componentOne - Hello
2022-01-23 22:23:59.591 [main] WARN  log4jProject.componentOne - Hello
2022-01-23 22:23:59.591 [main] FATAL log4jProject.componentOne - Hello
